2020-04-03 16:48:17.121  INFO 10604 --- [main] c.chenxi.community.CommunityApplication  : Starting CommunityApplication on DESKTOP-ONHQ265 with PID 10604 (D:\git\repository\CodeCommunity\community\target\classes started by Lenovo in D:\git\repository\CodeCommunity\community)
2020-04-03 16:48:17.124  INFO 10604 --- [main] c.chenxi.community.CommunityApplication  : No active profile set, falling back to default profiles: default
2020-04-03 16:48:19.477  INFO 10604 --- [main] o.s.b.w.embedded.tomcat.TomcatWebServer  : Tomcat initialized with port(s): 8887 (http)
2020-04-03 16:48:19.488  INFO 10604 --- [main] o.apache.catalina.core.StandardService   : Starting service [Tomcat]
2020-04-03 16:48:19.489  INFO 10604 --- [main] org.apache.catalina.core.StandardEngine  : Starting Servlet engine: [Apache Tomcat/9.0.31]
2020-04-03 16:48:19.762  INFO 10604 --- [main] o.a.c.c.C.[Tomcat].[localhost].[/]       : Initializing Spring embedded WebApplicationContext
2020-04-03 16:48:19.763  INFO 10604 --- [main] o.s.web.context.ContextLoader            : Root WebApplicationContext: initialization completed in 2521 ms
2020-04-03 16:48:20.387  INFO 10604 --- [main] o.s.s.concurrent.ThreadPoolTaskExecutor  : Initializing ExecutorService 'applicationTaskExecutor'
2020-04-03 16:48:20.458  INFO 10604 --- [main] o.s.b.a.w.s.WelcomePageHandlerMapping    : Adding welcome page template: index
2020-04-03 16:48:20.716  INFO 10604 --- [main] o.s.b.w.embedded.tomcat.TomcatWebServer  : Tomcat started on port(s): 8887 (http) with context path ''
2020-04-03 16:48:20.720  INFO 10604 --- [main] c.chenxi.community.CommunityApplication  : Started CommunityApplication in 4.172 seconds (JVM running for 5.359)
2020-04-03 17:04:04.261  INFO 8036 --- [main] c.chenxi.community.CommunityApplication  : Starting CommunityApplication on DESKTOP-ONHQ265 with PID 8036 (D:\git\repository\CodeCommunity\community\target\classes started by Lenovo in D:\git\repository\CodeCommunity\community)
2020-04-03 17:04:04.266  INFO 8036 --- [main] c.chenxi.community.CommunityApplication  : No active profile set, falling back to default profiles: default
2020-04-03 17:04:07.486  INFO 8036 --- [main] o.s.b.w.embedded.tomcat.TomcatWebServer  : Tomcat initialized with port(s): 8887 (http)
2020-04-03 17:04:07.512  INFO 8036 --- [main] o.apache.catalina.core.StandardService   : Starting service [Tomcat]
2020-04-03 17:04:07.512  INFO 8036 --- [main] org.apache.catalina.core.StandardEngine  : Starting Servlet engine: [Apache Tomcat/9.0.31]
2020-04-03 17:04:07.936  INFO 8036 --- [main] o.a.c.c.C.[Tomcat].[localhost].[/]       : Initializing Spring embedded WebApplicationContext
2020-04-03 17:04:07.936  INFO 8036 --- [main] o.s.web.context.ContextLoader            : Root WebApplicationContext: initialization completed in 3445 ms
2020-04-03 17:04:09.061  INFO 8036 --- [main] o.s.s.concurrent.ThreadPoolTaskExecutor  : Initializing ExecutorService 'applicationTaskExecutor'
2020-04-03 17:04:09.252  INFO 8036 --- [main] o.s.b.a.w.s.WelcomePageHandlerMapping    : Adding welcome page template: index
2020-04-03 17:04:09.639  INFO 8036 --- [main] o.s.b.w.embedded.tomcat.TomcatWebServer  : Tomcat started on port(s): 8887 (http) with context path ''
2020-04-03 17:04:09.642  INFO 8036 --- [main] c.chenxi.community.CommunityApplication  : Started CommunityApplication in 6.261 seconds (JVM running for 9.003)
2020-04-03 17:04:38.336  INFO 8036 --- [http-nio-8887-exec-1] o.a.c.c.C.[Tomcat].[localhost].[/]       : Initializing Spring DispatcherServlet 'dispatcherServlet'
2020-04-03 17:04:38.336  INFO 8036 --- [http-nio-8887-exec-1] o.s.web.servlet.DispatcherServlet        : Initializing Servlet 'dispatcherServlet'
2020-04-03 17:04:38.343  INFO 8036 --- [http-nio-8887-exec-1] o.s.web.servlet.DispatcherServlet        : Completed initialization in 7 ms
2020-04-03 17:04:38.524  INFO 8036 --- [http-nio-8887-exec-1] com.zaxxer.hikari.HikariDataSource       : HikariPool-1 - Starting...
2020-04-03 17:04:39.087  INFO 8036 --- [http-nio-8887-exec-1] com.zaxxer.hikari.HikariDataSource       : HikariPool-1 - Start completed.
